1640875793855	geckodriver	INFO	Listening on 127.0.0.1:62485
1640875796921	mozrunner::runner	INFO	Running command: "C:\\Program Files\\Mozilla Firefox\\firefox.exe" "--marionette" "-no-remote" "-profile" "C:\\Users\\user\\AppData\\Local\\Temp\\rust_mozprofile2Rrp4v"
1640875842739	geckodriver	INFO	Listening on 127.0.0.1:49327
1640875845901	mozrunner::runner	INFO	Running command: "C:\\Program Files\\Mozilla Firefox\\firefox.exe" "--marionette" "-no-remote" "-profile" "C:\\Users\\user\\AppData\\Local\\Temp\\rust_mozprofiledgD71T"
1640875846730	Marionette	INFO	Marionette enabled
console.warn: SearchSettings: "get: No settings file exists, new profile?" (new NotFoundError("Could not open the file at C:\\Users\\user\\AppData\\Local\\Temp\\rust_mozprofiledgD71T\\search.json.mozlz4", (void 0)))
1640875850614	Marionette	INFO	Listening on port 49335
1640875850732	RemoteAgent	WARN	TLS certificate errors will be ignored for this session
JavaScript warning: https://fast.wistia.com/assets/external/E-v1.js, line 2: WEBGL_debug_renderer_info is deprecated in Firefox and will be removed. Please use RENDERER.
1640875866562	Marionette	WARN	TimedPromise timed out after 5000 ms: stacktrace:
TimedPromise/<@chrome://remote/content/marionette/sync.js:238:19
TimedPromise@chrome://remote/content/marionette/sync.js:223:10
GeckoDriver.prototype.minimizeWindow@chrome://remote/content/marionette/driver.js:2315:11
1640875871856	Marionette	INFO	Stopped listening on port 49335
JavaScript error: chrome://remote/content/marionette/cert.js, line 55: NS_ERROR_NOT_AVAILABLE: Component returned failure code: 0x80040111 (NS_ERROR_NOT_AVAILABLE) [nsICertOverrideService.setDisableAllSecurityChecksAndLetAttackersInterceptMyData]
1640875887271	geckodriver	INFO	Listening on 127.0.0.1:49468
1640875890331	mozrunner::runner	INFO	Running command: "C:\\Program Files\\Mozilla Firefox\\firefox.exe" "--marionette" "-no-remote" "-profile" "C:\\Users\\user\\AppData\\Local\\Temp\\rust_mozprofilevxkaKA"
1640875891463	Marionette	INFO	Marionette enabled
console.warn: SearchSettings: "get: No settings file exists, new profile?" (new NotFoundError("Could not open the file at C:\\Users\\user\\AppData\\Local\\Temp\\rust_mozprofilevxkaKA\\search.json.mozlz4", (void 0)))
1640875896230	Marionette	INFO	Listening on port 49476
1640875896659	RemoteAgent	WARN	TLS certificate errors will be ignored for this session
JavaScript warning: https://fast.wistia.com/assets/external/E-v1.js, line 2: WEBGL_debug_renderer_info is deprecated in Firefox and will be removed. Please use RENDERER.
1640875913875	Marionette	WARN	TimedPromise timed out after 5000 ms: stacktrace:
TimedPromise/<@chrome://remote/content/marionette/sync.js:238:19
TimedPromise@chrome://remote/content/marionette/sync.js:223:10
GeckoDriver.prototype.minimizeWindow@chrome://remote/content/marionette/driver.js:2315:11
JavaScript warning: https://pagead2.googlesyndication.com/bg/f8gou5y2Dfq0zn72-W9hYw99gWviw2ua4IRi-orcC78.js line 1 > eval line 2015 > eval line 1 > eval, line 1: WEBGL_debug_renderer_info is deprecated in Firefox and will be removed. Please use RENDERER.
1640875932468	Marionette	INFO	Stopped listening on port 49476

###!!! [Parent][MessageChannel] Error: (msgtype=0x39007A,name=PContent::Msg_DestroyBrowsingContextGroup) Closed channel: cannot send/recv

\\Local\\Temp\\rust_mozprofilegmT4oL\\search.json.mozlz4", (void 0)))
1640875931595	Marionette	INFO	Listening on port 62272
1640875931770	RemoteAgent	WARN	TLS certificate errors will be ignored for this session
JavaScript warning: https://fast.wistia.com/assets/external/E-v1.js, line 2: WEBGL_debug_renderer_info is deprecated in Firefox and will be removed. Please use RENDERER.
1640875948178	Marionette	WARN	TimedPromise timed out after 5000 ms: stacktrace:
TimedPromise/<@chrome://remote/content/marionette/sync.js:238:19
TimedPromise@chrome://remote/content/marionette/sync.js:223:10
GeckoDriver.prototype.minimizeWindow@chrome://remote/content/marionette/driver.js:2315:11
Marionette threw an error: TypeError: chromeWindow is null
waitForNavigationCompleted@chrome://remote/content/marionette/navigate.js:349:3
GeckoDriver.prototype.refresh@chrome://remote/content/marionette/driver.js:997:18
observe@resource://gre/modules/AsyncShutdown.jsm:575:16

1640875951086	Marionette	INFO	Stopped listening on port 62272

###!!! [Parent][MessageChannel] Error: (msgtype=0x39007A,name=PContent::Msg_DestroyBrowsingContextGroup) Closed channel: cannot send/recv


###!!! [Child][RunMessage] Error: Channel closing: too late to send/recv, messages will be lost


###!!! [Child][RunMessage] Error: Channel closing: too late to send/recv, messages will be lost


###!!! [Child][RunMessage] Error: Channel closing: too late to send/recv, messages will be lost


###!!! [Child][RunMessage] Error: Channel closing: too late to send/recv, messages will be lost


###!!! [Child][RunMessage] Error: Channel closing: too late to send/recv, messages will be lost


###!!! [Child][MessageChannel] Error: (msgtype=0xAA0006,name=PWebSocket::Msg_DeleteSelf) Channel closing: too late to send/recv, messages will be lost


###!!! [Child][MessageChannel] Error: (msgtype=0xAA0006,name=PWebSocket::Msg_DeleteSelf) Channel closing: too late to send/recv, messages will be lost

1640876017178	geckodriver	INFO	Listening on 127.0.0.1:63542
1640876020227	mozrunner::runner	INFO	Running command: "C:\\Program Files\\Mozilla Firefox\\firefox.exe" "--marionette" "-no-remote" "-profile" "C:\\Users\\user\\AppData\\Local\\Temp\\rust_mozprofilesmEPN6"
1640876021114	Marionette	INFO	Marionette enabled
console.warn: SearchSettings: "get: No settings file exists, new profile?" (new NotFoundError("Could not open the file at C:\\Users\\user\\AppData\\Local\\Temp\\rust_mozprofilesmEPN6\\search.json.mozlz4", (void 0)))
1640876025385	Marionette	INFO	Listening on port 63550
1640876025608	RemoteAgent	WARN	TLS certificate errors will be ignored for this session
JavaScript warning: https://fast.wistia.com/assets/external/E-v1.js, line 2: WEBGL_debug_renderer_info is deprecated in Firefox and will be removed. Please use RENDERER.
1640876041103	Marionette	WARN	TimedPromise timed out after 5000 ms: stacktrace:
TimedPromise/<@chrome://remote/content/marionette/sync.js:238:19
TimedPromise@chrome://remote/content/marionette/sync.js:223:10
GeckoDriver.prototype.minimizeWindow@chrome://remote/content/marionette/driver.js:2315:11
JavaScript warning: https://pagead2.googlesyndication.com/bg/f8gou5y2Dfq0zn72-W9hYw99gWviw2ua4IRi-orcC78.js line 1 > eval line 3198 > eval, line 1: WEBGL_debug_renderer_info is deprecated in Firefox and will be removed. Please use RENDERER.
1640876174140	Marionette	INFO	Stopped listening on port 63550
1640876372575	geckodriver	INFO	Listening on 127.0.0.1:51917
1640876375628	mozrunner::runner	INFO	Running command: "C:\\Program Files\\Mozilla Firefox\\firefox.exe" "--marionette" "-no-remote" "-profile" "C:\\Users\\user\\AppData\\Local\\Temp\\rust_mozprofile8LPyfc"
1640876376630	Marionette	INFO	Marionette enabled
console.warn: SearchSettings: "get: No settings file exists, new profile?" (new NotFoundError("Could not open the file at C:\\Users\\user\\AppData\\Local\\Temp\\rust_mozprofile8LPyfc\\search.json.mozlz4", (void 0)))
1640876381421	Marionette	INFO	Listening on port 51926
1640876381558	RemoteAgent	WARN	TLS certificate errors will be ignored for this session
JavaScript warning: https://fast.wistia.com/assets/external/E-v1.js, line 2: WEBGL_debug_renderer_info is deprecated in Firefox and will be removed. Please use RENDERER.
1640876397044	Marionette	WARN	TimedPromise timed out after 5000 ms: stacktrace:
TimedPromise/<@chrome://remote/content/marionette/sync.js:238:19
TimedPromise@chrome://remote/content/marionette/sync.js:223:10
GeckoDriver.prototype.minimizeWindow@chrome://remote/content/marionette/driver.js:2315:11
1640876406673	Marionette	INFO	Stopped listening on port 51926

###!!! [Child][RunMessage] Error: Channel closing: too late to send/recv, messages will be lost


###!!! [Parent][MessageChannel] Error: (msgtype=0x39014F,name=PContent::Reply_DiscardBrowsingContext) Closed channel: cannot send/recv


###!!! [Child][MessageChannel] Error: (msgtype=0x390147,name=PContent::Msg_ScriptError) Channel closing: too late to send/recv, messages will be lost


###!!! [Parent][MessageChannel] Error: (msgtype=0x39014F,name=PContent::Reply_DiscardBrowsingContext) Closed channel: cannot send/recv


###!!! [Child][RunMessage] Error: Channel closing: too late to send/recv, messages will be lost


###!!! [Child][RunMessage] Error: Channel closing: too late to send/recv, messages will be lost


###!!! [Parent][MessageChannel] Error: (msgtype=0x39007A,name=PContent::Msg_DestroyBrowsingContextGroup) Closed channel: cannot send/recv


###!!! [Child][RunMessage] Error: Channel closing: too late to send/recv, messages will be lost

1641074912437	geckodriver	INFO	Listening on 127.0.0.1:53666
1641074915493	mozrunner::runner	INFO	Running command: "C:\\Program Files\\Mozilla Firefox\\firefox.exe" "--marionette" "-no-remote" "-profile" "C:\\Users\\user\\AppData\\Local\\Temp\\rust_mozprofileSiNG2e"
1641074917324	Marionette	INFO	Marionette enabled
console.warn: SearchSettings: "get: No settings file exists, new profile?" (new NotFoundError("Could not open the file at C:\\Users\\user\\AppData\\Local\\Temp\\rust_mozprofileSiNG2e\\search.json.mozlz4", (void 0)))
1641074922286	Marionette	INFO	Listening on port 53674
1641074922670	Marionette	INFO	Stopped listening on port 53674
1641074922801	RemoteAgent	WARN	TLS certificate errors will be ignored for this session
console.warn: TopSitesFeed: Failed to fetch data from Contile server: NetworkError when attempting to fetch resource.
console.error: Region.jsm: "Error fetching region" (new TypeError("NetworkError when attempting to fetch resource.", ""))
console.error: Region.jsm: "Failed to fetch region" (new Error("NO_RESULT", "resource://gre/modules/Region.jsm", 419))
console.error: services.settings: 
  main/query-stripping Signature failed  TypeError: NetworkError: Network request failed
1641074931992	geckodriver	INFO	Listening on 127.0.0.1:53699
1641074935026	mozrunner::runner	INFO	Running command: "C:\\Program Files\\Mozilla Firefox\\firefox.exe" "--marionette" "-no-remote" "-profile" "C:\\Users\\user\\AppData\\Local\\Temp\\rust_mozprofileKfYQk5"
1641074935793	Marionette	INFO	Marionette enabled
console.warn: SearchSettings: "get: No settings file exists, new profile?" (new NotFoundError("Could not open the file at C:\\Users\\user\\AppData\\Local\\Temp\\rust_mozprofileKfYQk5\\search.json.mozlz4", (void 0)))
1641074939984	Marionette	INFO	Listening on port 53710
1641074940345	RemoteAgent	WARN	TLS certificate errors will be ignored for this session
1641074945398	Marionette	INFO	Stopped listening on port 53710

###!!! [Parent][MessageChannel] Error: (msgtype=0x39007A,name=PContent::Msg_DestroyBrowsingContextGroup) Closed channel: cannot send/recv


###!!! [Parent][MessageChannel] Error: (msgtype=0x39014F,name=PContent::Reply_DiscardBrowsingContext) Closed channel: cannot send/recv

1641075387263	geckodriver	INFO	Listening on 127.0.0.1:54048
1641075390358	mozrunner::runner	INFO	Running command: "C:\\Program Files\\Mozilla Firefox\\firefox.exe" "--marionette" "-no-remote" "-profile" "C:\\Users\\user\\AppData\\Local\\Temp\\rust_mozprofileyyPVde"
1641075392032	Marionette	INFO	Marionette enabled
console.warn: SearchSettings: "get: No settings file exists, new profile?" (new NotFoundError("Could not open the file at C:\\Users\\user\\AppData\\Local\\Temp\\rust_mozprofileyyPVde\\search.json.mozlz4", (void 0)))
console.warn: services.settings: main/query-stripping sync interrupted by shutdown
1641826731279	geckodriver	INFO	Listening on 127.0.0.1:53459
1641826734346	mozrunner::runner	INFO	Running command: "C:\\Program Files\\Mozilla Firefox\\firefox.exe" "--marionette" "headless" "-no-remote" "-profile" "C:\\Users\\user\\AppData\\Local\\Temp\\rust_mozprofileToYM7L"
1641826736264	Marionette	INFO	Marionette enabled
console.warn: SearchSettings: "get: No settings file exists, new profile?" (new NotFoundError("Could not open the file at C:\\Users\\user\\AppData\\Local\\Temp\\rust_mozprofileToYM7L\\search.json.mozlz4", (void 0)))
1641826741598	Marionette	INFO	Listening on port 53467
1641826741928	RemoteAgent	WARN	TLS certificate errors will be ignored for this session
JavaScript warning: https://fast.wistia.com/assets/external/E-v1.js, line 2: WEBGL_debug_renderer_info is deprecated in Firefox and will be removed. Please use RENDERER.
1641826779034	Marionette	WARN	TimedPromise timed out after 5000 ms: stacktrace:
TimedPromise/<@chrome://remote/content/marionette/sync.js:238:19
TimedPromise@chrome://remote/content/marionette/sync.js:223:10
GeckoDriver.prototype.minimizeWindow@chrome://remote/content/marionette/driver.js:2315:11
1641826789109	Marionette	INFO	Stopped listening on port 53467

###!!! [Child][RunMessage] Error: Channel closing: too late to send/recv, messages will be lost


###!!! [Child][RunMessage] Error: Channel closing: too late to send/recv, messages will be lost


###!!! [Child][RunMessage] Error: Channel closing: too late to send/recv, messages will be lost


###!!! [Parent][MessageChannel] Error: (msgtype=0x39007A,name=PContent::Msg_DestroyBrowsingContextGroup) Closed channel: cannot send/recv


###!!! [Child][MessageChannel] Error: (msgtype=0x230030,name=PBrowser::Msg___delete__) Channel closing: too late to send/recv, messages will be lost

